INFO: [VRFC 10-163] Analyzing VHDL file "/home/k_rakeesh/Documents/CACD_labs/lab_06/lab_06.srcs/sources_1/new/Slow_Clk.vhd" into library xil_defaultlib
INFO: [VRFC 10-307] analyzing entity Slow_Clk
INFO: [VRFC 10-163] Analyzing VHDL file "/home/k_rakeesh/Documents/CACD_labs/lab_06/lab_06.srcs/sim_1/new/Sim_slow_clk.vhd" into library xil_defaultlib
INFO: [VRFC 10-307] analyzing entity Sim_slow_clk
INFO: [VRFC 10-163] Analyzing VHDL file "/home/k_rakeesh/Documents/CACD_labs/lab_06/lab_06.srcs/sim_1/new/Sim_slow_clk.vhd" into library xil_defaultlib
INFO: [VRFC 10-307] analyzing entity Sim_slow_clk
INFO: [VRFC 10-163] Analyzing VHDL file "/home/k_rakeesh/Documents/CACD_labs/lab_06/lab_06.srcs/sim_1/new/Sim_slow_clk.vhd" into library xil_defaultlib
INFO: [VRFC 10-307] analyzing entity Sim_slow_clk
INFO: [VRFC 10-163] Analyzing VHDL file "/home/k_rakeesh/Documents/CACD_labs/lab_06/lab_06.srcs/sources_1/new/AU.vhd" into library xil_defaultlib
INFO: [VRFC 10-307] analyzing entity AU
INFO: [VRFC 10-163] Analyzing VHDL file "/home/k_rakeesh/Documents/CACD_labs/lab_06/Lab03_FA.vhd" into library xil_defaultlib
INFO: [VRFC 10-307] analyzing entity Lab03_FA
INFO: [VRFC 10-163] Analyzing VHDL file "/home/k_rakeesh/Documents/CACD_labs/lab_06/Lab03_RCA_4.vhd" into library xil_defaultlib
INFO: [VRFC 10-307] analyzing entity Lab03_RCA_4
INFO: [VRFC 10-163] Analyzing VHDL file "/home/k_rakeesh/Documents/CACD_labs/lab_06/lab_06.srcs/sources_1/new/Reg.vhd" into library xil_defaultlib
INFO: [VRFC 10-307] analyzing entity Reg
INFO: [VRFC 10-163] Analyzing VHDL file "/home/k_rakeesh/Documents/CACD_labs/lab_06/lab03_HA.vhd" into library xil_defaultlib
INFO: [VRFC 10-307] analyzing entity lab03_HA
INFO: [VRFC 10-163] Analyzing VHDL file "/home/k_rakeesh/Documents/CACD_labs/lab_06/lab_06.srcs/sim_1/new/Sim_AU.vhd" into library xil_defaultlib
INFO: [VRFC 10-307] analyzing entity Sim_AU
INFO: [VRFC 10-163] Analyzing VHDL file "/home/k_rakeesh/Documents/CACD_labs/lab_06/lab_06.srcs/sources_1/new/Slow_Clk.vhd" into library xil_defaultlib
INFO: [VRFC 10-307] analyzing entity Slow_Clk
INFO: [VRFC 10-163] Analyzing VHDL file "/home/k_rakeesh/Documents/CACD_labs/lab_06/lab_06.srcs/sim_1/new/Sim_slow_clk.vhd" into library xil_defaultlib
INFO: [VRFC 10-307] analyzing entity Sim_slow_clk
INFO: [VRFC 10-163] Analyzing VHDL file "/home/k_rakeesh/Documents/CACD_labs/lab_06/lab_06.srcs/sources_1/new/AU.vhd" into library xil_defaultlib
INFO: [VRFC 10-307] analyzing entity AU
