INFO: [VRFC 10-163] Analyzing VHDL file "/home/k_rakeesh/Documents/CACD_labs/lab_04/lab_04.srcs/sources_1/new/Decoder_2_to_4.vhd" into library xil_defaultlib
INFO: [VRFC 10-307] analyzing entity Decoder_2_to_4
INFO: [VRFC 10-163] Analyzing VHDL file "/home/k_rakeesh/Documents/CACD_labs/lab_04/lab_04.srcs/sim_1/new/TB_Decoder_2_to_4.vhd" into library xil_defaultlib
INFO: [VRFC 10-307] analyzing entity TB_Decoder_2_to_4
INFO: [VRFC 10-163] Analyzing VHDL file "/home/k_rakeesh/Documents/CACD_labs/lab_04/lab_04.srcs/sim_1/new/TB_Decoder_2_to_4.vhd" into library xil_defaultlib
INFO: [VRFC 10-307] analyzing entity TB_Decoder_2_to_4
INFO: [VRFC 10-163] Analyzing VHDL file "/home/k_rakeesh/Documents/CACD_labs/lab_04/lab_04.srcs/sources_1/new/Decoder_2_to_4.vhd" into library xil_defaultlib
INFO: [VRFC 10-307] analyzing entity Decoder_2_to_4
INFO: [VRFC 10-163] Analyzing VHDL file "/home/k_rakeesh/Documents/CACD_labs/lab_04/lab_04.srcs/sim_1/new/TB_Decoder_2_to_4.vhd" into library xil_defaultlib
INFO: [VRFC 10-307] analyzing entity TB_Decoder_2_to_4
INFO: [VRFC 10-163] Analyzing VHDL file "/home/k_rakeesh/Documents/CACD_labs/lab_04/lab_04.srcs/sources_1/new/Decoder_3_to_8.vhd" into library xil_defaultlib
INFO: [VRFC 10-307] analyzing entity Decoder_3_to_8
INFO: [VRFC 10-163] Analyzing VHDL file "/home/k_rakeesh/Documents/CACD_labs/lab_04/lab_04.srcs/sim_1/new/TB_Decoder_3_to_8.vhd" into library xil_defaultlib
INFO: [VRFC 10-307] analyzing entity TB_Decoder_3_to_8
INFO: [VRFC 10-163] Analyzing VHDL file "/home/k_rakeesh/Documents/CACD_labs/lab_04/lab_04.srcs/sources_1/new/Decoder_3_to_8.vhd" into library xil_defaultlib
INFO: [VRFC 10-307] analyzing entity Decoder_3_to_8
INFO: [VRFC 10-163] Analyzing VHDL file "/home/k_rakeesh/Documents/CACD_labs/lab_04/lab_04.srcs/sources_1/new/Mux_8_to_1.vhd" into library xil_defaultlib
INFO: [VRFC 10-307] analyzing entity Mux_8_to_1
INFO: [VRFC 10-163] Analyzing VHDL file "/home/k_rakeesh/Documents/CACD_labs/lab_04/lab_04.srcs/sim_1/new/TB_MUX_8_to_1.vhd" into library xil_defaultlib
INFO: [VRFC 10-307] analyzing entity TB_MUX_8_to_1
INFO: [VRFC 10-163] Analyzing VHDL file "/home/k_rakeesh/Documents/CACD_labs/lab_04/lab_04.srcs/sources_1/new/Mux_8_to_1.vhd" into library xil_defaultlib
INFO: [VRFC 10-307] analyzing entity Mux_8_to_1
INFO: [VRFC 10-163] Analyzing VHDL file "/home/k_rakeesh/Documents/CACD_labs/lab_04/lab_04.srcs/sim_1/new/TB_MUX_8_to_1.vhd" into library xil_defaultlib
INFO: [VRFC 10-307] analyzing entity TB_MUX_8_to_1
INFO: [VRFC 10-163] Analyzing VHDL file "/home/k_rakeesh/Documents/CACD_labs/lab_04/lab_04.srcs/sim_1/new/TB_MUX_8_to_1.vhd" into library xil_defaultlib
INFO: [VRFC 10-307] analyzing entity TB_MUX_8_to_1
INFO: [VRFC 10-163] Analyzing VHDL file "/home/k_rakeesh/Documents/CACD_labs/lab_04/lab_04.srcs/sim_1/new/TB_MUX_8_to_1.vhd" into library xil_defaultlib
INFO: [VRFC 10-307] analyzing entity TB_MUX_8_to_1
INFO: [VRFC 10-163] Analyzing VHDL file "/home/k_rakeesh/Documents/CACD_labs/lab_04/lab_04.srcs/sim_1/new/TB_MUX_8_to_1.vhd" into library xil_defaultlib
INFO: [VRFC 10-307] analyzing entity TB_MUX_8_to_1
INFO: [VRFC 10-163] Analyzing VHDL file "/home/k_rakeesh/Documents/CACD_labs/lab_04/lab_04.srcs/sim_1/new/TB_MUX_8_to_1.vhd" into library xil_defaultlib
INFO: [VRFC 10-307] analyzing entity TB_MUX_8_to_1
INFO: [VRFC 10-163] Analyzing VHDL file "/home/k_rakeesh/Documents/CACD_labs/lab_04/lab_04.srcs/sim_1/new/TB_MUX_8_to_1.vhd" into library xil_defaultlib
INFO: [VRFC 10-307] analyzing entity TB_MUX_8_to_1
INFO: [VRFC 10-163] Analyzing VHDL file "/home/k_rakeesh/Documents/CACD_labs/lab_04/lab_04.srcs/sim_1/new/TB_MUX_8_to_1.vhd" into library xil_defaultlib
INFO: [VRFC 10-307] analyzing entity TB_MUX_8_to_1
INFO: [VRFC 10-163] Analyzing VHDL file "/home/k_rakeesh/Documents/CACD_labs/lab_04/lab_04.srcs/sim_1/new/TB_MUX_8_to_1.vhd" into library xil_defaultlib
INFO: [VRFC 10-307] analyzing entity TB_MUX_8_to_1
INFO: [VRFC 10-163] Analyzing VHDL file "/home/k_rakeesh/Documents/CACD_labs/lab_04/lab_04.srcs/sources_1/new/Decoder_3_to_8.vhd" into library xil_defaultlib
INFO: [VRFC 10-307] analyzing entity Decoder_3_to_8
