INFO: [VRFC 10-163] Analyzing VHDL file "/home/k_rakeesh/Documents/CACD_labs/lab_07/lab_07.srcs/sources_1/new/D_FF.vhd" into library xil_defaultlib
INFO: [VRFC 10-307] analyzing entity D_FF
INFO: [VRFC 10-163] Analyzing VHDL file "/home/k_rakeesh/Documents/CACD_labs/lab_07/lab_07.srcs/sim_1/new/D_FF_Sim.vhd" into library xil_defaultlib
INFO: [VRFC 10-307] analyzing entity D_FF_Sim
INFO: [VRFC 10-163] Analyzing VHDL file "/home/k_rakeesh/Documents/CACD_labs/lab_07/lab_07.srcs/sim_1/new/D_FF_Sim.vhd" into library xil_defaultlib
INFO: [VRFC 10-307] analyzing entity D_FF_Sim
INFO: [VRFC 10-163] Analyzing VHDL file "/home/k_rakeesh/Documents/CACD_labs/lab_07/lab_07.srcs/sources_1/new/Slow_Clk.vhd" into library xil_defaultlib
INFO: [VRFC 10-307] analyzing entity Slow_Clk
INFO: [VRFC 10-163] Analyzing VHDL file "/home/k_rakeesh/Documents/CACD_labs/lab_07/lab_07.srcs/sim_1/new/Slow_Clk_Sim.vhd" into library xil_defaultlib
INFO: [VRFC 10-307] analyzing entity Slow_Clk_Sim
INFO: [VRFC 10-163] Analyzing VHDL file "/home/k_rakeesh/Documents/CACD_labs/lab_07/lab_07.srcs/sim_1/new/Slow_Clk_Sim.vhd" into library xil_defaultlib
INFO: [VRFC 10-307] analyzing entity Slow_Clk_Sim
INFO: [VRFC 10-163] Analyzing VHDL file "/home/k_rakeesh/Documents/CACD_labs/lab_07/lab_07.srcs/sources_1/new/Counter.vhd" into library xil_defaultlib
INFO: [VRFC 10-307] analyzing entity Counter
INFO: [VRFC 10-163] Analyzing VHDL file "/home/k_rakeesh/Documents/CACD_labs/lab_07/lab_07.srcs/sim_1/new/Counter_Sim.vhd" into library xil_defaultlib
INFO: [VRFC 10-307] analyzing entity Counter_Sim
INFO: [VRFC 10-163] Analyzing VHDL file "/home/k_rakeesh/Documents/CACD_labs/lab_07/lab_07.srcs/sim_1/new/D_FF_Sim.vhd" into library xil_defaultlib
INFO: [VRFC 10-307] analyzing entity D_FF_Sim
INFO: [VRFC 10-163] Analyzing VHDL file "/home/k_rakeesh/Documents/CACD_labs/lab_07/lab_07.srcs/sources_1/new/Slow_Clk.vhd" into library xil_defaultlib
INFO: [VRFC 10-307] analyzing entity Slow_Clk
